

============================== 2022-12-08 11:06:45.979257 | 2c8843e7-9c53-40da-b901-3e065164f6b6 ==============================
[0m11:06:45.979257 [info ] [MainThread]: Running with dbt=1.3.1
[0m11:06:45.979257 [debug] [MainThread]: running dbt with arguments {'write_json': True, 'use_colors': True, 'printer_width': 80, 'version_check': True, 'partial_parse': True, 'static_parser': True, 'profiles_dir': 'C:\\Users\\Hp\\.dbt', 'send_anonymous_usage_stats': True, 'event_buffer_size': 100000, 'quiet': False, 'no_print': False, 'project_name': 'pc4_devanis', 'skip_profile_setup': False, 'which': 'init', 'indirect_selection': 'eager'}
[0m11:06:45.979257 [debug] [MainThread]: Tracking: tracking
[0m11:06:45.979257 [debug] [MainThread]: Sending event: {'category': 'dbt', 'action': 'invocation', 'label': 'start', 'context': [<snowplow_tracker.self_describing_json.SelfDescribingJson object at 0x0000021297AB7490>, <snowplow_tracker.self_describing_json.SelfDescribingJson object at 0x0000021297AB7550>, <snowplow_tracker.self_describing_json.SelfDescribingJson object at 0x0000021297AB73A0>]}
[0m11:06:46.292226 [debug] [MainThread]: Starter project path: c:\users\hp\appdata\local\programs\python\python39\lib\site-packages\dbt\include\starter_project
[0m11:10:52.697705 [info ] [MainThread]: Profile pc4_devanis written to C:\Users\Hp\.dbt\profiles.yml using target's profile_template.yml and your supplied values. Run 'dbt debug' to validate the connection.
[0m11:10:52.697705 [info ] [MainThread]: 
Your new dbt project "pc4_devanis" was created!

For more information on how to configure the profiles.yml file,
please consult the dbt documentation here:

  https://docs.getdbt.com/docs/configure-your-profile

One more thing:

Need help? Don't hesitate to reach out to us via GitHub issues or on Slack:

  https://community.getdbt.com/

Happy modeling!

[0m11:10:52.697705 [debug] [MainThread]: Sending event: {'category': 'dbt', 'action': 'invocation', 'label': 'end', 'context': [<snowplow_tracker.self_describing_json.SelfDescribingJson object at 0x0000021297AB74C0>, <snowplow_tracker.self_describing_json.SelfDescribingJson object at 0x0000021297AB7D90>, <snowplow_tracker.self_describing_json.SelfDescribingJson object at 0x0000021297AB7E20>]}
[0m11:10:52.697705 [debug] [MainThread]: Flushing usage events


============================== 2022-12-08 11:11:12.373027 | 52d9264d-8f57-411c-a91f-d3a628723176 ==============================
[0m11:11:12.373027 [info ] [MainThread]: Running with dbt=1.3.1
[0m11:11:12.373027 [debug] [MainThread]: running dbt with arguments {'write_json': True, 'use_colors': True, 'printer_width': 80, 'version_check': True, 'partial_parse': True, 'static_parser': True, 'profiles_dir': 'C:\\Users\\Hp\\.dbt', 'send_anonymous_usage_stats': True, 'event_buffer_size': 100000, 'quiet': False, 'no_print': False, 'config_dir': False, 'which': 'debug', 'indirect_selection': 'eager'}
[0m11:11:12.373027 [debug] [MainThread]: Tracking: tracking
[0m11:11:12.373027 [debug] [MainThread]: Sending event: {'category': 'dbt', 'action': 'invocation', 'label': 'start', 'context': [<snowplow_tracker.self_describing_json.SelfDescribingJson object at 0x0000025F90597430>, <snowplow_tracker.self_describing_json.SelfDescribingJson object at 0x0000025F905974F0>, <snowplow_tracker.self_describing_json.SelfDescribingJson object at 0x0000025F90597490>]}
[0m11:11:13.091991 [debug] [MainThread]: Executing "git --help"
[0m11:11:13.842212 [debug] [MainThread]: STDOUT: "b"usage: git [-v | --version] [-h | --help] [-C <path>] [-c <name>=<value>]\n           [--exec-path[=<path>]] [--html-path] [--man-path] [--info-path]\n           [-p | --paginate | -P | --no-pager] [--no-replace-objects] [--bare]\n           [--git-dir=<path>] [--work-tree=<path>] [--namespace=<name>]\n           [--super-prefix=<path>] [--config-env=<name>=<envvar>]\n           <command> [<args>]\n\nThese are common Git commands used in various situations:\n\nstart a working area (see also: git help tutorial)\n   clone     Clone a repository into a new directory\n   init      Create an empty Git repository or reinitialize an existing one\n\nwork on the current change (see also: git help everyday)\n   add       Add file contents to the index\n   mv        Move or rename a file, a directory, or a symlink\n   restore   Restore working tree files\n   rm        Remove files from the working tree and from the index\n\nexamine the history and state (see also: git help revisions)\n   bisect    Use binary search to find the commit that introduced a bug\n   diff      Show changes between commits, commit and working tree, etc\n   grep      Print lines matching a pattern\n   log       Show commit logs\n   show      Show various types of objects\n   status    Show the working tree status\n\ngrow, mark and tweak your common history\n   branch    List, create, or delete branches\n   commit    Record changes to the repository\n   merge     Join two or more development histories together\n   rebase    Reapply commits on top of another base tip\n   reset     Reset current HEAD to the specified state\n   switch    Switch branches\n   tag       Create, list, delete or verify a tag object signed with GPG\n\ncollaborate (see also: git help workflows)\n   fetch     Download objects and refs from another repository\n   pull      Fetch from and integrate with another repository or a local branch\n   push      Update remote refs along with associated objects\n\n'git help -a' and 'git help -g' list available subcommands and some\nconcept guides. See 'git help <command>' or 'git help <concept>'\nto read about a specific subcommand or concept.\nSee 'git help git' for an overview of the system.\n""
[0m11:11:13.842212 [debug] [MainThread]: STDERR: "b''"
[0m11:11:13.857836 [debug] [MainThread]: Sending event: {'category': 'dbt', 'action': 'invocation', 'label': 'end', 'context': [<snowplow_tracker.self_describing_json.SelfDescribingJson object at 0x0000025F9149EFA0>, <snowplow_tracker.self_describing_json.SelfDescribingJson object at 0x0000025F9149EAF0>, <snowplow_tracker.self_describing_json.SelfDescribingJson object at 0x0000025F9149E8E0>]}
[0m11:11:13.857836 [debug] [MainThread]: Flushing usage events
